<?xml version="1.0" encoding="UTF-8"?>
<testng-results skipped="0" failed="0" ignored="0" total="1" passed="1">
  <reporter-output>
  </reporter-output>
  <suite name="Default suite" duration-ms="29861" started-at="2018-11-10T18:37:19Z" finished-at="2018-11-10T18:37:49Z">
    <groups>
    </groups>
    <test name="Default test" duration-ms="29861" started-at="2018-11-10T18:37:19Z" finished-at="2018-11-10T18:37:49Z">
      <class name="TestCash.Application">
        <test-method status="PASS" signature="FrameTest()[pri:0, instance:TestCash.Application@548a9f61]" name="FrameTest" duration-ms="29830" started-at="2018-11-10T18:37:19Z" finished-at="2018-11-10T18:37:49Z">
          <reporter-output>
          </reporter-output>
        </test-method> <!-- FrameTest -->
      </class> <!-- TestCash.Application -->
    </test> <!-- Default test -->
  </suite> <!-- Default suite -->
</testng-results>
