<?xml version="1.0" encoding="UTF-8"?>
<testng-results skipped="0" failed="0" ignored="0" total="1" passed="1">
  <reporter-output>
  </reporter-output>
  <suite name="Default suite" duration-ms="32428" started-at="2018-11-22T18:07:48Z" finished-at="2018-11-22T18:08:21Z">
    <groups>
    </groups>
    <test name="Default test" duration-ms="32428" started-at="2018-11-22T18:07:48Z" finished-at="2018-11-22T18:08:21Z">
      <class name="WebsiteCheck.TestCash">
        <test-method status="PASS" signature="FoodTest()[pri:0, instance:WebsiteCheck.TestCash@9629756]" name="FoodTest" duration-ms="32388" started-at="2018-11-22T18:07:48Z" finished-at="2018-11-22T18:08:21Z">
          <reporter-output>
          </reporter-output>
        </test-method> <!-- FoodTest -->
      </class> <!-- WebsiteCheck.TestCash -->
    </test> <!-- Default test -->
  </suite> <!-- Default suite -->
</testng-results>
